2015-03-25 15:20:23 -- Script Portlet command line version: 1.3

2015-03-25 15:20:23 -- Home folder: E:\RAD\Work Items\jsfiddle\PAA\V1.3\sp_cmdln

2015-03-25 15:20:23 -- Java environment:

	java.home = C:\Program Files\Java\jdk1.7.0_03\jre
	java.vendor = Oracle Corporation
	java.version = 1.7.0_03

2015-03-25 15:20:23 -- Effective configuration properties:

	contentRoot = WebContent
	excludes = [^bin$, ^lib$, ^src$, ^\.classpath$, ^\.project$, ^sp-config.json$, ^sp-cmdln.log$, ^sp.bat$, ^sp.sh$]
	portalPassword = ********
	portalUser = wpsadmin
	scriptPortletServer = http://jaspsing85-cf05-template-2015-03-10.rtp.raleigh.ibm.com:10039
	wcmContentName = SPFromEclipse1
	wcmSiteArea = Script Portlet Library/Script Portlet Applications/

2015-03-25 15:20:23 -- Begin content push to Portal.

2015-03-25 15:20:24 -- Push URL: POST http://jaspsing85-cf05-template-2015-03-10.rtp.raleigh.ibm.com:10039/import_export/webengine/script_editing/ScriptPortletContentAPI/Action!doPushApp HTTP/1.1

2015-03-25 15:20:24 -- Virtual Portal ID: null

2015-03-25 15:20:24 -- Project ID: null

2015-03-25 15:20:24 -- WCM content ID: null

2015-03-25 15:20:24 -- WCM Content Path: Script Portlet Library/Script Portlet Applications/SPFromEclipse1

2015-03-25 15:20:24 -- WCM Content Title: null

2015-03-25 15:20:24 -- Main HTML file: index.html

2015-03-25 15:20:24 -- Archive file:

	C:\Users\Administrator\AppData\Local\Temp\sp-content-8273773436889933985.zip
	(300 bytes in 1 files)

	index.html

2015-03-25 15:20:34 -- Response status: HTTP/1.1 200 OK

2015-03-25 15:20:34 -- Content-Type: application/json

2015-03-25 15:20:34 -- Effective charset of body: UTF-8

2015-03-25 15:20:34 -- Body content:

{

   "results" : {

      "status" : "success",
      "importedFiles" : {

         "file" : {

            "filename" : "HTML\/index.html"
         }
      }
      ,
      "skippedFiles" : true,
      "message" : "The file that you selected was imported successfully."
   }
}


2015-03-25 15:20:34 -- Target authentication state: SUCCESS

2015-03-25 15:20:34 -- Target authentication scheme: BASIC

2015-03-25 15:20:34 -- Target authentication credentials: [principal: wpsadmin]

2015-03-25 15:20:34 -- Content push was successful.

2015-03-25 15:20:34 -- End content push to Portal.

